0 info it worked if it ends with ok
1 verbose cli [ '/usr/local/bin/node',
1 verbose cli   '/usr/local/bin/npm',
1 verbose cli   'install',
1 verbose cli   '--save',
1 verbose cli   'reflux' ]
2 info using npm@2.14.12
3 info using node@v4.3.1
4 verbose install initial load of /Users/taoxiang/Desktop/react/imgur/ReactStarter/package.json
5 warn package.json react-starter@1.0.0 No repository field.
6 verbose installManyTop reading scoped package data from /Users/taoxiang/Desktop/react/imgur/ReactStarter/node_modules/browserify/package.json
7 verbose installManyTop reading scoped package data from /Users/taoxiang/Desktop/react/imgur/ReactStarter/node_modules/gulp/package.json
8 verbose installManyTop reading scoped package data from /Users/taoxiang/Desktop/react/imgur/ReactStarter/node_modules/gulp-concat/package.json
9 verbose installManyTop reading scoped package data from /Users/taoxiang/Desktop/react/imgur/ReactStarter/node_modules/gulp-react/package.json
10 verbose installManyTop reading scoped package data from /Users/taoxiang/Desktop/react/imgur/ReactStarter/node_modules/gulp-sass/package.json
11 verbose installManyTop reading scoped package data from /Users/taoxiang/Desktop/react/imgur/ReactStarter/node_modules/gulp-server-livereload/package.json
12 verbose installManyTop reading scoped package data from /Users/taoxiang/Desktop/react/imgur/ReactStarter/node_modules/gulp-util/package.json
13 verbose installManyTop reading scoped package data from /Users/taoxiang/Desktop/react/imgur/ReactStarter/node_modules/gulp-watch/package.json
14 verbose installManyTop reading scoped package data from /Users/taoxiang/Desktop/react/imgur/ReactStarter/node_modules/history/package.json
15 verbose installManyTop reading scoped package data from /Users/taoxiang/Desktop/react/imgur/ReactStarter/node_modules/node-notifier/package.json
16 verbose installManyTop reading scoped package data from /Users/taoxiang/Desktop/react/imgur/ReactStarter/node_modules/react/package.json
17 verbose installManyTop reading scoped package data from /Users/taoxiang/Desktop/react/imgur/ReactStarter/node_modules/react-dom/package.json
18 verbose installManyTop reading scoped package data from /Users/taoxiang/Desktop/react/imgur/ReactStarter/node_modules/react-router/package.json
19 verbose installManyTop reading scoped package data from /Users/taoxiang/Desktop/react/imgur/ReactStarter/node_modules/reactify/package.json
20 verbose installManyTop reading scoped package data from /Users/taoxiang/Desktop/react/imgur/ReactStarter/node_modules/reflux/package.json
21 verbose installManyTop reading scoped package data from /Users/taoxiang/Desktop/react/imgur/ReactStarter/node_modules/vinyl-source-stream/package.json
22 verbose installManyTop reading scoped package data from /Users/taoxiang/Desktop/react/imgur/ReactStarter/node_modules/watchify/package.json
23 verbose installManyTop reading scoped package data from /Users/taoxiang/Desktop/react/imgur/ReactStarter/node_modules/whatwg-fetch/package.json
24 info package.json whatwg-fetch@0.11.0 No license field.
25 verbose readDependencies loading dependencies from /Users/taoxiang/Desktop/react/imgur/ReactStarter/package.json
26 verbose install reflux is installed as 0.3.0
27 silly cache add args [ 'reflux', null ]
28 verbose cache add spec reflux
29 silly cache add parsed spec Result {
29 silly cache add   raw: 'reflux',
29 silly cache add   scope: null,
29 silly cache add   name: 'reflux',
29 silly cache add   rawSpec: '',
29 silly cache add   spec: 'latest',
29 silly cache add   type: 'tag' }
30 silly addNamed reflux@latest
31 verbose addNamed "latest" is being treated as a dist-tag for reflux
32 info addNameTag [ 'reflux', 'latest' ]
33 silly mapToRegistry name reflux
34 silly mapToRegistry using default registry
35 silly mapToRegistry registry https://registry.npmjs.org/
36 silly mapToRegistry uri https://registry.npmjs.org/reflux
37 verbose addNameTag registry:https://registry.npmjs.org/reflux not in flight; fetching
38 verbose request uri https://registry.npmjs.org/reflux
39 verbose request no auth needed
40 info attempt registry request try #1 at 1:41:56 PM
41 verbose request id 10218917d6545120
42 verbose etag "5XGAV9SFNKHY5OGAN43A8HM4G"
43 http request GET https://registry.npmjs.org/reflux
44 http 304 https://registry.npmjs.org/reflux
45 verbose headers { date: 'Tue, 08 Mar 2016 21:41:53 GMT',
45 verbose headers   via: '1.1 varnish',
45 verbose headers   'cache-control': 'max-age=300',
45 verbose headers   etag: '"5XGAV9SFNKHY5OGAN43A8HM4G"',
45 verbose headers   age: '262',
45 verbose headers   connection: 'keep-alive',
45 verbose headers   'x-served-by': 'cache-sjc3135-SJC',
45 verbose headers   'x-cache': 'HIT',
45 verbose headers   'x-cache-hits': '2',
45 verbose headers   'x-timer': 'S1457473313.049399,VS0,VE0',
45 verbose headers   vary: 'Accept' }
46 silly get cb [ 304,
46 silly get   { date: 'Tue, 08 Mar 2016 21:41:53 GMT',
46 silly get     via: '1.1 varnish',
46 silly get     'cache-control': 'max-age=300',
46 silly get     etag: '"5XGAV9SFNKHY5OGAN43A8HM4G"',
46 silly get     age: '262',
46 silly get     connection: 'keep-alive',
46 silly get     'x-served-by': 'cache-sjc3135-SJC',
46 silly get     'x-cache': 'HIT',
46 silly get     'x-cache-hits': '2',
46 silly get     'x-timer': 'S1457473313.049399,VS0,VE0',
46 silly get     vary: 'Accept' } ]
47 verbose etag https://registry.npmjs.org/reflux from cache
48 verbose get saving reflux to /Users/taoxiang/.npm/registry.npmjs.org/reflux/.cache.json
49 silly addNameTag next cb for reflux with tag latest
50 silly addNamed reflux@0.3.0
51 verbose addNamed "0.3.0" is a plain semver version for reflux
52 silly cache afterAdd reflux@0.3.0
53 verbose afterAdd /Users/taoxiang/.npm/reflux/0.3.0/package/package.json not in flight; writing
54 verbose afterAdd /Users/taoxiang/.npm/reflux/0.3.0/package/package.json written
55 silly install resolved [ { name: 'reflux',
55 silly install resolved     version: '0.3.0',
55 silly install resolved     description: 'A simple library for uni-directional dataflow application architecture inspired by ReactJS Flux',
55 silly install resolved     main: 'src/index.js',
55 silly install resolved     scripts:
55 silly install resolved      { test: 'grunt test',
55 silly install resolved        'test:sauce': 'grunt karma:sauce',
55 silly install resolved        benchmark: 'node test/benchmarks',
55 silly install resolved        build: 'grunt build' },
55 silly install resolved     author: { name: 'Mikael Brassman' },
55 silly install resolved     license: 'BSD-3-Clause',
55 silly install resolved     repository:
55 silly install resolved      { type: 'git',
55 silly install resolved        url: 'git+ssh://git@github.com/reflux/refluxjs.git' },
55 silly install resolved     bugs: { url: 'https://github.com/reflux/refluxjs/issues' },
55 silly install resolved     keywords:
55 silly install resolved      [ 'reflux',
55 silly install resolved        'react',
55 silly install resolved        'flux',
55 silly install resolved        'architecture',
55 silly install resolved        'dataflow',
55 silly install resolved        'action',
55 silly install resolved        'event',
55 silly install resolved        'data' ],
55 silly install resolved     dependencies: { eventemitter3: '^1.1.1', 'reflux-core': '^0.3.0' },
55 silly install resolved     devDependencies:
55 silly install resolved      { benchmark: '^1.0.0',
55 silly install resolved        browserify: '~10.2.3',
55 silly install resolved        chai: 'latest',
55 silly install resolved        'chai-as-promised': 'latest',
55 silly install resolved        'es6-promise': '^2.3.0',
55 silly install resolved        grunt: '^0.4.5',
55 silly install resolved        'grunt-browserify': '3.8.0',
55 silly install resolved        'grunt-cli': '^0.1.13',
55 silly install resolved        'grunt-contrib-jshint': '^0.11.2',
55 silly install resolved        'grunt-contrib-uglify': '^0.5.0',
55 silly install resolved        'grunt-contrib-watch': '^0.6.1',
55 silly install resolved        'grunt-karma': 'latest',
55 silly install resolved        'grunt-mocha-test': '~0.12.7',
55 silly install resolved        karma: 'latest',
55 silly install resolved        'karma-browserify': 'latest',
55 silly install resolved        'karma-commonjs': 'latest',
55 silly install resolved        'karma-mocha': 'latest',
55 silly install resolved        'karma-phantomjs-launcher': 'latest',
55 silly install resolved        'karma-sauce-launcher': 'latest',
55 silly install resolved        'karma-spec-reporter': 'latest',
55 silly install resolved        matchdep: '^0.3.0',
55 silly install resolved        mocha: 'latest',
55 silly install resolved        q: '^1.0.1',
55 silly install resolved        sinon: '^1.10.3' },
55 silly install resolved     peerDependencies: { react: '>=0.12.2 <0.15.0' },
55 silly install resolved     gitHead: '2b355e9436479c4bd0b8dbff0d33ab8fb28f5916',
55 silly install resolved     homepage: 'https://github.com/reflux/refluxjs#readme',
55 silly install resolved     _id: 'reflux@0.3.0',
55 silly install resolved     _shasum: 'd1dd98330edb5422e937a1bf23293daf0d42402b',
55 silly install resolved     _from: 'reflux@latest',
55 silly install resolved     _npmVersion: '2.11.1',
55 silly install resolved     _nodeVersion: '0.10.12',
55 silly install resolved     _npmUser: { name: 'spoike', email: 'mishakun+npm@gmail.com' },
55 silly install resolved     maintainers: [ [Object] ],
55 silly install resolved     dist:
55 silly install resolved      { shasum: 'd1dd98330edb5422e937a1bf23293daf0d42402b',
55 silly install resolved        tarball: 'http://registry.npmjs.org/reflux/-/reflux-0.3.0.tgz' },
55 silly install resolved     directories: {},
55 silly install resolved     _resolved: 'https://registry.npmjs.org/reflux/-/reflux-0.3.0.tgz',
55 silly install resolved     readme: 'ERROR: No README data found!' } ]
56 info install reflux@0.3.0 into /Users/taoxiang/Desktop/react/imgur/ReactStarter
57 info installOne reflux@0.3.0
58 verbose installOne of reflux to /Users/taoxiang/Desktop/react/imgur/ReactStarter not in flight; installing
59 verbose lock using /Users/taoxiang/.npm/_locks/reflux-1f2d98c118398cdf.lock for /Users/taoxiang/Desktop/react/imgur/ReactStarter/node_modules/reflux
60 silly install write writing reflux 0.3.0 to /Users/taoxiang/Desktop/react/imgur/ReactStarter/node_modules/reflux
61 verbose unbuild node_modules/reflux
62 info preuninstall reflux@0.3.0
63 info uninstall reflux@0.3.0
64 verbose unbuild rmStuff reflux@0.3.0 from /Users/taoxiang/Desktop/react/imgur/ReactStarter/node_modules
65 info postuninstall reflux@0.3.0
66 silly gentlyRm /Users/taoxiang/Desktop/react/imgur/ReactStarter/node_modules/reflux is being purged from base /Users/taoxiang/Desktop/react/imgur/ReactStarter
67 verbose gentlyRm don't care about contents; nuking /Users/taoxiang/Desktop/react/imgur/ReactStarter/node_modules/reflux
68 silly vacuum-fs purging /Users/taoxiang/Desktop/react/imgur/ReactStarter/node_modules/reflux
69 silly vacuum-fs quitting because other entries in /Users/taoxiang/Desktop/react/imgur/ReactStarter/node_modules
70 verbose tar unpack /Users/taoxiang/.npm/reflux/0.3.0/package.tgz
71 verbose tar unpacking to /Users/taoxiang/Desktop/react/imgur/ReactStarter/node_modules/reflux
72 silly gentlyRm /Users/taoxiang/Desktop/react/imgur/ReactStarter/node_modules/reflux is being purged
73 verbose gentlyRm don't care about contents; nuking /Users/taoxiang/Desktop/react/imgur/ReactStarter/node_modules/reflux
74 silly gunzTarPerm modes [ '755', '644' ]
75 silly gunzTarPerm extractEntry package.json
76 silly gunzTarPerm extractEntry .npmignore
77 silly gunzTarPerm extractEntry README.md
78 silly gunzTarPerm extractEntry Gruntfile.js
79 silly gunzTarPerm extractEntry karma.conf.js
80 silly gunzTarPerm extractEntry .travis.yml
81 silly gunzTarPerm extractEntry CHANGELOG.md
82 silly gunzTarPerm extractEntry LICENSE.md
83 silly gunzTarPerm extractEntry .editorconfig
84 silly gunzTarPerm extractEntry bower.json
85 silly gunzTarPerm extractEntry .jshintrc
86 silly gunzTarPerm extractEntry src/ListenerMixin.js
87 silly gunzTarPerm extractEntry src/connect.js
88 silly gunzTarPerm extractEntry src/connectFilter.js
89 silly gunzTarPerm extractEntry src/index.js
90 silly gunzTarPerm extractEntry src/listenTo.js
91 silly gunzTarPerm extractEntry src/listenToMany.js
92 verbose write writing to /Users/taoxiang/Desktop/react/imgur/ReactStarter/node_modules/reflux/package.json
93 info preinstall reflux@0.3.0
94 verbose readDependencies loading dependencies from /Users/taoxiang/Desktop/react/imgur/ReactStarter/node_modules/reflux/package.json
95 silly prepareForInstallMany adding eventemitter3@^1.1.1 from reflux dependencies
96 silly prepareForInstallMany adding reflux-core@^0.3.0 from reflux dependencies
97 verbose readDependencies loading dependencies from /Users/taoxiang/Desktop/react/imgur/ReactStarter/node_modules/reflux/package.json
98 silly cache add args [ 'eventemitter3@^1.1.1', null ]
99 verbose cache add spec eventemitter3@^1.1.1
100 silly cache add args [ 'reflux-core@^0.3.0', null ]
101 verbose cache add spec reflux-core@^0.3.0
102 silly cache add parsed spec Result {
102 silly cache add   raw: 'eventemitter3@^1.1.1',
102 silly cache add   scope: null,
102 silly cache add   name: 'eventemitter3',
102 silly cache add   rawSpec: '^1.1.1',
102 silly cache add   spec: '>=1.1.1 <2.0.0',
102 silly cache add   type: 'range' }
103 silly addNamed eventemitter3@>=1.1.1 <2.0.0
104 verbose addNamed ">=1.1.1 <2.0.0" is a valid semver range for eventemitter3
105 silly addNameRange { name: 'eventemitter3',
105 silly addNameRange   range: '>=1.1.1 <2.0.0',
105 silly addNameRange   hasData: false }
106 silly mapToRegistry name eventemitter3
107 silly mapToRegistry using default registry
108 silly mapToRegistry registry https://registry.npmjs.org/
109 silly mapToRegistry uri https://registry.npmjs.org/eventemitter3
110 verbose addNameRange registry:https://registry.npmjs.org/eventemitter3 not in flight; fetching
111 silly cache add parsed spec Result {
111 silly cache add   raw: 'reflux-core@^0.3.0',
111 silly cache add   scope: null,
111 silly cache add   name: 'reflux-core',
111 silly cache add   rawSpec: '^0.3.0',
111 silly cache add   spec: '>=0.3.0 <0.4.0',
111 silly cache add   type: 'range' }
112 silly addNamed reflux-core@>=0.3.0 <0.4.0
113 verbose addNamed ">=0.3.0 <0.4.0" is a valid semver range for reflux-core
114 silly addNameRange { name: 'reflux-core', range: '>=0.3.0 <0.4.0', hasData: false }
115 silly mapToRegistry name reflux-core
116 silly mapToRegistry using default registry
117 silly mapToRegistry registry https://registry.npmjs.org/
118 silly mapToRegistry uri https://registry.npmjs.org/reflux-core
119 verbose addNameRange registry:https://registry.npmjs.org/reflux-core not in flight; fetching
120 verbose request uri https://registry.npmjs.org/reflux-core
121 verbose request no auth needed
122 info attempt registry request try #1 at 1:41:56 PM
123 verbose etag "7JSCJR4P69WT2YIO4PUTJY726"
124 http request GET https://registry.npmjs.org/reflux-core
125 verbose request uri https://registry.npmjs.org/eventemitter3
126 verbose request no auth needed
127 info attempt registry request try #1 at 1:41:56 PM
128 verbose etag "CY2KC79GLYGHTVMAPQVIET326"
129 http request GET https://registry.npmjs.org/eventemitter3
130 http 304 https://registry.npmjs.org/reflux-core
131 verbose headers { date: 'Tue, 08 Mar 2016 21:41:53 GMT',
131 verbose headers   via: '1.1 varnish',
131 verbose headers   'cache-control': 'max-age=300',
131 verbose headers   etag: '"7JSCJR4P69WT2YIO4PUTJY726"',
131 verbose headers   age: '48',
131 verbose headers   connection: 'keep-alive',
131 verbose headers   'x-served-by': 'cache-sjc3121-SJC',
131 verbose headers   'x-cache': 'HIT',
131 verbose headers   'x-cache-hits': '2',
131 verbose headers   'x-timer': 'S1457473313.286074,VS0,VE0',
131 verbose headers   vary: 'Accept' }
132 silly get cb [ 304,
132 silly get   { date: 'Tue, 08 Mar 2016 21:41:53 GMT',
132 silly get     via: '1.1 varnish',
132 silly get     'cache-control': 'max-age=300',
132 silly get     etag: '"7JSCJR4P69WT2YIO4PUTJY726"',
132 silly get     age: '48',
132 silly get     connection: 'keep-alive',
132 silly get     'x-served-by': 'cache-sjc3121-SJC',
132 silly get     'x-cache': 'HIT',
132 silly get     'x-cache-hits': '2',
132 silly get     'x-timer': 'S1457473313.286074,VS0,VE0',
132 silly get     vary: 'Accept' } ]
133 verbose etag https://registry.npmjs.org/reflux-core from cache
134 verbose get saving reflux-core to /Users/taoxiang/.npm/registry.npmjs.org/reflux-core/.cache.json
135 silly addNameRange number 2 { name: 'reflux-core', range: '>=0.3.0 <0.4.0', hasData: true }
136 silly addNameRange versions [ 'reflux-core', [ '0.2.0-rc', '0.2.0', '0.2.1', '0.3.0' ] ]
137 silly addNamed reflux-core@0.3.0
138 verbose addNamed "0.3.0" is a plain semver version for reflux-core
139 silly cache afterAdd reflux-core@0.3.0
140 verbose afterAdd /Users/taoxiang/.npm/reflux-core/0.3.0/package/package.json not in flight; writing
141 verbose afterAdd /Users/taoxiang/.npm/reflux-core/0.3.0/package/package.json written
142 http 304 https://registry.npmjs.org/eventemitter3
143 verbose headers { date: 'Tue, 08 Mar 2016 21:41:53 GMT',
143 verbose headers   via: '1.1 varnish',
143 verbose headers   'cache-control': 'max-age=300',
143 verbose headers   etag: '"CY2KC79GLYGHTVMAPQVIET326"',
143 verbose headers   age: '0',
143 verbose headers   connection: 'keep-alive',
143 verbose headers   'x-served-by': 'cache-sjc3128-SJC',
143 verbose headers   'x-cache': 'HIT',
143 verbose headers   'x-cache-hits': '1',
143 verbose headers   'x-timer': 'S1457473313.288265,VS0,VE53',
143 verbose headers   vary: 'Accept' }
144 silly get cb [ 304,
144 silly get   { date: 'Tue, 08 Mar 2016 21:41:53 GMT',
144 silly get     via: '1.1 varnish',
144 silly get     'cache-control': 'max-age=300',
144 silly get     etag: '"CY2KC79GLYGHTVMAPQVIET326"',
144 silly get     age: '0',
144 silly get     connection: 'keep-alive',
144 silly get     'x-served-by': 'cache-sjc3128-SJC',
144 silly get     'x-cache': 'HIT',
144 silly get     'x-cache-hits': '1',
144 silly get     'x-timer': 'S1457473313.288265,VS0,VE53',
144 silly get     vary: 'Accept' } ]
145 verbose etag https://registry.npmjs.org/eventemitter3 from cache
146 verbose get saving eventemitter3 to /Users/taoxiang/.npm/registry.npmjs.org/eventemitter3/.cache.json
147 silly addNameRange number 2 { name: 'eventemitter3', range: '>=1.1.1 <2.0.0', hasData: true }
148 silly addNameRange versions [ 'eventemitter3',
148 silly addNameRange   [ '0.0.0',
148 silly addNameRange     '0.0.1',
148 silly addNameRange     '0.1.0',
148 silly addNameRange     '0.1.1',
148 silly addNameRange     '0.1.2',
148 silly addNameRange     '0.1.3',
148 silly addNameRange     '0.1.4',
148 silly addNameRange     '0.1.5',
148 silly addNameRange     '0.1.6',
148 silly addNameRange     '1.0.0',
148 silly addNameRange     '1.0.1',
148 silly addNameRange     '1.0.2',
148 silly addNameRange     '1.0.3',
148 silly addNameRange     '1.1.0',
148 silly addNameRange     '1.1.1' ] ]
149 silly addNamed eventemitter3@1.1.1
150 verbose addNamed "1.1.1" is a plain semver version for eventemitter3
151 silly cache afterAdd eventemitter3@1.1.1
152 verbose afterAdd /Users/taoxiang/.npm/eventemitter3/1.1.1/package/package.json not in flight; writing
153 verbose afterAdd /Users/taoxiang/.npm/eventemitter3/1.1.1/package/package.json written
154 silly install resolved [ { name: 'reflux-core',
154 silly install resolved     version: '0.3.0',
154 silly install resolved     description: 'A simple library for uni-directional dataflow application architecture inspired by ReactJS Flux',
154 silly install resolved     main: 'lib/index.js',
154 silly install resolved     scripts:
154 silly install resolved      { clean: 'rimraf ./lib',
154 silly install resolved        'test:mocha': 'mocha',
154 silly install resolved        'test:karma': 'karma start test/config/karma.conf.js',
154 silly install resolved        'test:travis': 'karma start test/config/karma-travis.conf.js',
154 silly install resolved        test: 'npm run test:mocha && npm run test:karma',
154 silly install resolved        'lint:test': 'jshint test/',
154 silly install resolved        'lint:src': 'eslint src/',
154 silly install resolved        lint: 'npm run lint:test && npm run lint:src',
154 silly install resolved        compile: 'npm run clean && babel src --out-dir lib && ./scripts/version',
154 silly install resolved        build: 'npm run lint && npm run compile && npm run test',
154 silly install resolved        benchmark: 'node test/benchmarks',
154 silly install resolved        'watch:test': 'watch \'npm run lint:test && npm run test:mocha\' test/',
154 silly install resolved        'watch:src': 'watch \'npm run lint:src && npm run compile && npm run test:mocha\' src/',
154 silly install resolved        watch: 'parallelshell \'npm run watch:src\' \'npm run watch:test\'',
154 silly install resolved        prepublish: 'npm run lint && npm run compile && npm run test:mocha',
154 silly install resolved        precommit: 'npm run prepublish',
154 silly install resolved        prepush: 'npm run prepublish' },
154 silly install resolved     author: { name: 'Mikael Brassman' },
154 silly install resolved     license: 'BSD-3-Clause',
154 silly install resolved     repository:
154 silly install resolved      { type: 'git',
154 silly install resolved        url: 'git+https://github.com/reflux/reflux-core.git' },
154 silly install resolved     bugs: { url: 'http://github.com/reflux/reflux-core/issues' },
154 silly install resolved     keywords:
154 silly install resolved      [ 'reflux',
154 silly install resolved        'flux',
154 silly install resolved        'architecture',
154 silly install resolved        'dataflow',
154 silly install resolved        'action',
154 silly install resolved        'events',
154 silly install resolved        'data' ],
154 silly install resolved     dependencies: { eventemitter3: '^1.1.1' },
154 silly install resolved     devDependencies:
154 silly install resolved      { babel: '^5.8.19',
154 silly install resolved        'babel-eslint': '^4.0.5',
154 silly install resolved        benchmark: '^1.0.0',
154 silly install resolved        browserify: '~10.2.3',
154 silly install resolved        chai: 'latest',
154 silly install resolved        'chai-as-promised': 'latest',
154 silly install resolved        'es6-promise': '^2.3.0',
154 silly install resolved        eslint: '^0.24.1',
154 silly install resolved        husky: '^0.9.2',
154 silly install resolved        jshint: 'latest',
154 silly install resolved        karma: 'latest',
154 silly install resolved        'karma-browserify': 'latest',
154 silly install resolved        'karma-commonjs': 'latest',
154 silly install resolved        'karma-mocha': 'latest',
154 silly install resolved        'karma-phantomjs-launcher': 'latest',
154 silly install resolved        'karma-sauce-launcher': 'latest',
154 silly install resolved        'karma-spec-reporter': 'latest',
154 silly install resolved        mocha: 'latest',
154 silly install resolved        parallelshell: 'latest',
154 silly install resolved        q: '^1.0.1',
154 silly install resolved        replace: '^0.3.0',
154 silly install resolved        rimraf: '^2.4.2',
154 silly install resolved        sinon: '^1.10.3',
154 silly install resolved        watch: 'latest' },
154 silly install resolved     gitHead: 'de50cff5301f86d9da8c01084b95578ed3d77de8',
154 silly install resolved     homepage: 'https://github.com/reflux/reflux-core#readme',
154 silly install resolved     _id: 'reflux-core@0.3.0',
154 silly install resolved     _shasum: 'c9aa78984555296237069613f9d6b11e2dbbc74c',
154 silly install resolved     _from: 'reflux-core@>=0.3.0 <0.4.0',
154 silly install resolved     _npmVersion: '2.14.4',
154 silly install resolved     _nodeVersion: '4.1.2',
154 silly install resolved     _npmUser: { name: 'spoike', email: 'mishakun+npm@gmail.com' },
154 silly install resolved     maintainers: [ [Object] ],
154 silly install resolved     dist:
154 silly install resolved      { shasum: 'c9aa78984555296237069613f9d6b11e2dbbc74c',
154 silly install resolved        tarball: 'http://registry.npmjs.org/reflux-core/-/reflux-core-0.3.0.tgz' },
154 silly install resolved     directories: {},
154 silly install resolved     _resolved: 'https://registry.npmjs.org/reflux-core/-/reflux-core-0.3.0.tgz',
154 silly install resolved     readme: 'ERROR: No README data found!' },
154 silly install resolved   { name: 'eventemitter3',
154 silly install resolved     version: '1.1.1',
154 silly install resolved     description: 'EventEmitter3 focuses on performance while maintaining a Node.js AND browser compatible interface.',
154 silly install resolved     main: 'index.js',
154 silly install resolved     scripts:
154 silly install resolved      { 'test-browser': 'zuul --browser-name ${BROWSER_NAME} --browser-version ${BROWSER_VERSION} -- test.js',
154 silly install resolved        'test-node': 'istanbul cover node_modules/.bin/_mocha --report lcovonly -- test.js',
154 silly install resolved        coverage: 'istanbul cover ./node_modules/.bin/_mocha -- test.js',
154 silly install resolved        sync: 'node versions.js',
154 silly install resolved        test: 'mocha test.js' },
154 silly install resolved     repository:
154 silly install resolved      { type: 'git',
154 silly install resolved        url: 'git://github.com/primus/eventemitter3.git' },
154 silly install resolved     keywords:
154 silly install resolved      [ 'EventEmitter',
154 silly install resolved        'EventEmitter2',
154 silly install resolved        'EventEmitter3',
154 silly install resolved        'Events',
154 silly install resolved        'addEventListener',
154 silly install resolved        'addListener',
154 silly install resolved        'emit',
154 silly install resolved        'emits',
154 silly install resolved        'emitter',
154 silly install resolved        'event',
154 silly install resolved        'once',
154 silly install resolved        'pub/sub',
154 silly install resolved        'publish',
154 silly install resolved        'reactor',
154 silly install resolved        'subscribe' ],
154 silly install resolved     author: { name: 'Arnout Kazemier' },
154 silly install resolved     license: 'MIT',
154 silly install resolved     bugs: { url: 'https://github.com/primus/eventemitter3/issues' },
154 silly install resolved     'pre-commit': 'sync, test',
154 silly install resolved     devDependencies:
154 silly install resolved      { assume: '1.2.x',
154 silly install resolved        istanbul: '0.3.x',
154 silly install resolved        mocha: '2.2.x',
154 silly install resolved        'pre-commit': '1.0.x',
154 silly install resolved        zuul: '3.0.x' },
154 silly install resolved     gitHead: '91f571f40c918d71220747791c05ec33f3402a56',
154 silly install resolved     homepage: 'https://github.com/primus/eventemitter3#readme',
154 silly install resolved     _id: 'eventemitter3@1.1.1',
154 silly install resolved     _shasum: '47786bdaa087caf7b1b75e73abc5c7d540158cd0',
154 silly install resolved     _from: 'eventemitter3@>=1.1.1 <2.0.0',
154 silly install resolved     _npmVersion: '2.9.1',
154 silly install resolved     _nodeVersion: '0.12.3',
154 silly install resolved     _npmUser: { name: '3rdeden', email: 'npm@3rd-Eden.com' },
154 silly install resolved     maintainers: [ [Object], [Object], [Object] ],
154 silly install resolved     dist:
154 silly install resolved      { shasum: '47786bdaa087caf7b1b75e73abc5c7d540158cd0',
154 silly install resolved        tarball: 'http://registry.npmjs.org/eventemitter3/-/eventemitter3-1.1.1.tgz' },
154 silly install resolved     directories: {},
154 silly install resolved     _resolved: 'https://registry.npmjs.org/eventemitter3/-/eventemitter3-1.1.1.tgz',
154 silly install resolved     readme: 'ERROR: No README data found!' } ]
155 info install reflux-core@0.3.0 into /Users/taoxiang/Desktop/react/imgur/ReactStarter/node_modules/reflux
156 info install eventemitter3@1.1.1 into /Users/taoxiang/Desktop/react/imgur/ReactStarter/node_modules/reflux
157 info installOne reflux-core@0.3.0
158 verbose installOne of reflux-core to /Users/taoxiang/Desktop/react/imgur/ReactStarter/node_modules/reflux not in flight; installing
159 info installOne eventemitter3@1.1.1
160 verbose installOne of eventemitter3 to /Users/taoxiang/Desktop/react/imgur/ReactStarter/node_modules/reflux not in flight; installing
161 verbose lock using /Users/taoxiang/.npm/_locks/reflux-core-9274426bf15344c4.lock for /Users/taoxiang/Desktop/react/imgur/ReactStarter/node_modules/reflux/node_modules/reflux-core
162 verbose lock using /Users/taoxiang/.npm/_locks/eventemitter3-2ce71512b5dd4565.lock for /Users/taoxiang/Desktop/react/imgur/ReactStarter/node_modules/reflux/node_modules/eventemitter3
163 silly install write writing reflux-core 0.3.0 to /Users/taoxiang/Desktop/react/imgur/ReactStarter/node_modules/reflux/node_modules/reflux-core
164 silly install write writing eventemitter3 1.1.1 to /Users/taoxiang/Desktop/react/imgur/ReactStarter/node_modules/reflux/node_modules/eventemitter3
165 verbose unbuild node_modules/reflux/node_modules/reflux-core
166 verbose unbuild node_modules/reflux/node_modules/eventemitter3
167 silly gentlyRm /Users/taoxiang/Desktop/react/imgur/ReactStarter/node_modules/reflux/node_modules/reflux-core is being purged from base /Users/taoxiang/Desktop/react/imgur/ReactStarter
168 verbose gentlyRm don't care about contents; nuking /Users/taoxiang/Desktop/react/imgur/ReactStarter/node_modules/reflux/node_modules/reflux-core
169 silly gentlyRm /Users/taoxiang/Desktop/react/imgur/ReactStarter/node_modules/reflux/node_modules/eventemitter3 is being purged from base /Users/taoxiang/Desktop/react/imgur/ReactStarter
170 verbose gentlyRm don't care about contents; nuking /Users/taoxiang/Desktop/react/imgur/ReactStarter/node_modules/reflux/node_modules/eventemitter3
171 verbose tar unpack /Users/taoxiang/.npm/reflux-core/0.3.0/package.tgz
172 verbose tar unpacking to /Users/taoxiang/Desktop/react/imgur/ReactStarter/node_modules/reflux/node_modules/reflux-core
173 silly gentlyRm /Users/taoxiang/Desktop/react/imgur/ReactStarter/node_modules/reflux/node_modules/reflux-core is being purged
174 verbose gentlyRm don't care about contents; nuking /Users/taoxiang/Desktop/react/imgur/ReactStarter/node_modules/reflux/node_modules/reflux-core
175 verbose tar unpack /Users/taoxiang/.npm/eventemitter3/1.1.1/package.tgz
176 verbose tar unpacking to /Users/taoxiang/Desktop/react/imgur/ReactStarter/node_modules/reflux/node_modules/eventemitter3
177 silly gentlyRm /Users/taoxiang/Desktop/react/imgur/ReactStarter/node_modules/reflux/node_modules/eventemitter3 is being purged
178 verbose gentlyRm don't care about contents; nuking /Users/taoxiang/Desktop/react/imgur/ReactStarter/node_modules/reflux/node_modules/eventemitter3
179 silly gunzTarPerm modes [ '755', '644' ]
180 silly gunzTarPerm modes [ '755', '644' ]
181 silly gunzTarPerm extractEntry package.json
182 silly gunzTarPerm extractEntry package.json
183 silly gunzTarPerm extractEntry README.md
184 silly gunzTarPerm extractEntry LICENSE
185 silly gunzTarPerm extractEntry .npmignore
186 silly gunzTarPerm extractEntry README.md
187 silly gunzTarPerm extractEntry index.js
188 silly gunzTarPerm extractEntry .jshintrc
189 silly gunzTarPerm extractEntry .editorconfig
190 silly gunzTarPerm extractEntry .travis.yml
191 silly gunzTarPerm extractEntry CHANGELOG.md
192 silly gunzTarPerm extractEntry LICENSE.md
193 silly gunzTarPerm extractEntry .eslintrc
194 silly gunzTarPerm extractEntry lib/ActionMethods.js
195 verbose write writing to /Users/taoxiang/Desktop/react/imgur/ReactStarter/node_modules/reflux/node_modules/eventemitter3/package.json
196 silly gunzTarPerm extractEntry lib/ListenerMethods.js
197 silly gunzTarPerm extractEntry lib/PublisherMethods.js
198 info preinstall eventemitter3@1.1.1
199 verbose readDependencies loading dependencies from /Users/taoxiang/Desktop/react/imgur/ReactStarter/node_modules/reflux/node_modules/eventemitter3/package.json
200 silly gunzTarPerm extractEntry lib/StoreMethods.js
201 silly gunzTarPerm extractEntry lib/bindMethods.js
202 verbose readDependencies loading dependencies from /Users/taoxiang/Desktop/react/imgur/ReactStarter/node_modules/reflux/node_modules/eventemitter3/package.json
203 silly install resolved []
204 verbose about to build /Users/taoxiang/Desktop/react/imgur/ReactStarter/node_modules/reflux/node_modules/eventemitter3
205 info build /Users/taoxiang/Desktop/react/imgur/ReactStarter/node_modules/reflux/node_modules/eventemitter3
206 silly gunzTarPerm extractEntry lib/Keep.js
207 silly gunzTarPerm extractEntry lib/createStore.js
208 info linkStuff eventemitter3@1.1.1
209 silly linkStuff eventemitter3@1.1.1 has /Users/taoxiang/Desktop/react/imgur/ReactStarter/node_modules/reflux/node_modules as its parent node_modules
210 silly gunzTarPerm extractEntry lib/index.js
211 silly gunzTarPerm extractEntry lib/joins.js
212 verbose linkBins eventemitter3@1.1.1
213 verbose linkMans eventemitter3@1.1.1
214 verbose rebuildBundles eventemitter3@1.1.1
215 info install eventemitter3@1.1.1
216 silly gunzTarPerm extractEntry lib/mixer.js
217 silly gunzTarPerm extractEntry lib/utils.js
218 info postinstall eventemitter3@1.1.1
219 verbose unlock done using /Users/taoxiang/.npm/_locks/eventemitter3-2ce71512b5dd4565.lock for /Users/taoxiang/Desktop/react/imgur/ReactStarter/node_modules/reflux/node_modules/eventemitter3
220 silly gunzTarPerm extractEntry lib/createAction.js
221 verbose write writing to /Users/taoxiang/Desktop/react/imgur/ReactStarter/node_modules/reflux/node_modules/reflux-core/package.json
222 info preinstall reflux-core@0.3.0
223 verbose readDependencies loading dependencies from /Users/taoxiang/Desktop/react/imgur/ReactStarter/node_modules/reflux/node_modules/reflux-core/package.json
224 verbose readDependencies loading dependencies from /Users/taoxiang/Desktop/react/imgur/ReactStarter/node_modules/reflux/node_modules/reflux-core/package.json
225 silly install resolved []
226 verbose about to build /Users/taoxiang/Desktop/react/imgur/ReactStarter/node_modules/reflux/node_modules/reflux-core
227 info build /Users/taoxiang/Desktop/react/imgur/ReactStarter/node_modules/reflux/node_modules/reflux-core
228 info linkStuff reflux-core@0.3.0
229 silly linkStuff reflux-core@0.3.0 has /Users/taoxiang/Desktop/react/imgur/ReactStarter/node_modules/reflux/node_modules as its parent node_modules
230 verbose linkBins reflux-core@0.3.0
231 verbose linkMans reflux-core@0.3.0
232 verbose rebuildBundles reflux-core@0.3.0
233 info install reflux-core@0.3.0
234 info postinstall reflux-core@0.3.0
235 verbose unlock done using /Users/taoxiang/.npm/_locks/reflux-core-9274426bf15344c4.lock for /Users/taoxiang/Desktop/react/imgur/ReactStarter/node_modules/reflux/node_modules/reflux-core
236 verbose about to build /Users/taoxiang/Desktop/react/imgur/ReactStarter/node_modules/reflux
237 info build /Users/taoxiang/Desktop/react/imgur/ReactStarter/node_modules/reflux
238 info linkStuff reflux@0.3.0
239 silly linkStuff reflux@0.3.0 has /Users/taoxiang/Desktop/react/imgur/ReactStarter/node_modules as its parent node_modules
240 verbose linkBins reflux@0.3.0
241 verbose linkMans reflux@0.3.0
242 verbose rebuildBundles reflux@0.3.0
243 verbose rebuildBundles [ 'eventemitter3', 'reflux-core' ]
244 info install reflux@0.3.0
245 info postinstall reflux@0.3.0
246 verbose unlock done using /Users/taoxiang/.npm/_locks/reflux-1f2d98c118398cdf.lock for /Users/taoxiang/Desktop/react/imgur/ReactStarter/node_modules/reflux
247 verbose validateInstall loading /Users/taoxiang/Desktop/react/imgur/ReactStarter/package.json for validation
248 verbose stack Error: The package history@2.0.1 does not satisfy its siblings' peerDependencies requirements!
248 verbose stack     at /usr/local/lib/node_modules/npm/lib/install.js:125:32
248 verbose stack     at /usr/local/lib/node_modules/npm/lib/install.js:268:7
248 verbose stack     at /usr/local/lib/node_modules/npm/node_modules/read-installed/read-installed.js:142:5
248 verbose stack     at /usr/local/lib/node_modules/npm/node_modules/read-installed/read-installed.js:263:14
248 verbose stack     at cb (/usr/local/lib/node_modules/npm/node_modules/slide/lib/async-map.js:47:24)
248 verbose stack     at /usr/local/lib/node_modules/npm/node_modules/read-installed/read-installed.js:263:14
248 verbose stack     at cb (/usr/local/lib/node_modules/npm/node_modules/slide/lib/async-map.js:47:24)
248 verbose stack     at /usr/local/lib/node_modules/npm/node_modules/read-installed/read-installed.js:263:14
248 verbose stack     at cb (/usr/local/lib/node_modules/npm/node_modules/slide/lib/async-map.js:47:24)
248 verbose stack     at /usr/local/lib/node_modules/npm/node_modules/read-installed/read-installed.js:263:14
249 verbose cwd /Users/taoxiang/Desktop/react/imgur/ReactStarter/src
250 error Darwin 14.5.0
251 error argv "/usr/local/bin/node" "/usr/local/bin/npm" "install" "--save" "reflux"
252 error node v4.3.1
253 error npm  v2.14.12
254 error code EPEERINVALID
255 error peerinvalid The package history@2.0.1 does not satisfy its siblings' peerDependencies requirements!
255 error peerinvalid Peer react-router@1.0.3 wants history@^1.17.0
256 verbose exit [ 1, true ]
